2021-07-19 19:15:42 [main] INFO  o.s.b.t.c.SpringBootTestContextBootstrapper - Neither @ContextConfiguration nor @ContextHierarchy found for test class [com.microservices.demo.twitter.to.kafka.service.TwitterToKafkaServiceApplicationTest], using SpringBootContextLoader
2021-07-19 19:15:42 [main] INFO  o.s.t.c.s.AbstractContextLoader - Could not detect default resource locations for test class [com.microservices.demo.twitter.to.kafka.service.TwitterToKafkaServiceApplicationTest]: no resource found for suffixes {-context.xml, Context.groovy}.
2021-07-19 19:15:42 [main] INFO  o.s.t.c.s.AnnotationConfigContextLoaderUtils - Could not detect default configuration classes for test class [com.microservices.demo.twitter.to.kafka.service.TwitterToKafkaServiceApplicationTest]: TwitterToKafkaServiceApplicationTest does not declare any static, non-private, non-final, nested classes annotated with @Configuration.
2021-07-19 19:15:42 [main] INFO  o.s.b.t.c.SpringBootTestContextBootstrapper - Found @SpringBootConfiguration com.microservices.demo.twitter.to.kafka.service.TwitterToKafkaServiceApplication for test class com.microservices.demo.twitter.to.kafka.service.TwitterToKafkaServiceApplicationTest
2021-07-19 19:15:42 [main] INFO  o.s.b.t.c.SpringBootTestContextBootstrapper - Loaded default TestExecutionListener class names from location [META-INF/spring.factories]: [org.springframework.boot.test.mock.mockito.MockitoTestExecutionListener, org.springframework.boot.test.mock.mockito.ResetMocksTestExecutionListener, org.springframework.boot.test.autoconfigure.restdocs.RestDocsTestExecutionListener, org.springframework.boot.test.autoconfigure.web.client.MockRestServiceServerResetTestExecutionListener, org.springframework.boot.test.autoconfigure.web.servlet.MockMvcPrintOnlyOnFailureTestExecutionListener, org.springframework.boot.test.autoconfigure.web.servlet.WebDriverTestExecutionListener, org.springframework.boot.test.autoconfigure.webservices.client.MockWebServiceServerTestExecutionListener, org.springframework.test.context.web.ServletTestExecutionListener, org.springframework.test.context.support.DirtiesContextBeforeModesTestExecutionListener, org.springframework.test.context.support.DependencyInjectionTestExecutionListener, org.springframework.test.context.support.DirtiesContextTestExecutionListener, org.springframework.test.context.transaction.TransactionalTestExecutionListener, org.springframework.test.context.jdbc.SqlScriptsTestExecutionListener, org.springframework.test.context.event.EventPublishingTestExecutionListener]
2021-07-19 19:15:42 [main] INFO  o.s.b.t.c.SpringBootTestContextBootstrapper - Using TestExecutionListeners: [org.springframework.test.context.web.ServletTestExecutionListener@3044e9c7, org.springframework.test.context.support.DirtiesContextBeforeModesTestExecutionListener@41d7b27f, org.springframework.boot.test.mock.mockito.MockitoTestExecutionListener@49096b06, org.springframework.boot.test.autoconfigure.SpringBootDependencyInjectionTestExecutionListener@4a183d02, org.springframework.test.context.support.DirtiesContextTestExecutionListener@5d05ef57, org.springframework.test.context.transaction.TransactionalTestExecutionListener@213deac2, org.springframework.test.context.jdbc.SqlScriptsTestExecutionListener@23eee4b8, org.springframework.test.context.event.EventPublishingTestExecutionListener@28952dea, org.springframework.boot.test.mock.mockito.ResetMocksTestExecutionListener@5a9800f8, org.springframework.boot.test.autoconfigure.restdocs.RestDocsTestExecutionListener@143d9a93, org.springframework.boot.test.autoconfigure.web.client.MockRestServiceServerResetTestExecutionListener@40226788, org.springframework.boot.test.autoconfigure.web.servlet.MockMvcPrintOnlyOnFailureTestExecutionListener@4159e81b, org.springframework.boot.test.autoconfigure.web.servlet.WebDriverTestExecutionListener@5b5caf08, org.springframework.boot.test.autoconfigure.webservices.client.MockWebServiceServerTestExecutionListener@23cd4ff2]
2021-07-19 19:15:48 [main] INFO  o.s.c.c.c.ConfigServicePropertySourceLocator - Fetching config from server at : http://localhost:9999
2021-07-19 19:15:51 [main] INFO  o.s.c.c.c.ConfigServicePropertySourceLocator - Located environment: name=twitter-to-kafka-service,config-client, profiles=[twitter_to_kafka], label=null, version=0fa0a9fb9d7c116e39f3be6c948bd1cb46872448, state=null
2021-07-19 19:15:51 [main] INFO  o.s.c.b.c.PropertySourceBootstrapConfiguration - Located property source: [BootstrapPropertySource {name='bootstrapProperties-configClient'}, BootstrapPropertySource {name='bootstrapProperties-https://github.com/wspasindupanthaka/spring-cloud-config-repository/config-client-twitter_to_kafka.yml'}, BootstrapPropertySource {name='bootstrapProperties-https://github.com/wspasindupanthaka/spring-cloud-config-repository/config-client.yml'}]
2021-07-19 19:15:51 [main] INFO  c.m.d.t.t.k.s.TwitterToKafkaServiceApplicationTest - The following profiles are active: twitter_to_kafka
2021-07-19 19:15:53 [main] INFO  o.s.cloud.context.scope.GenericScope - BeanFactory id=fab161c5-8a3f-389f-a8bb-364ca0e19a57
2021-07-19 19:15:54 [main] INFO  o.s.c.s.PostProcessorRegistrationDelegate$BeanPostProcessorChecker - Bean 'org.springframework.retry.annotation.RetryConfiguration' of type [org.springframework.retry.annotation.RetryConfiguration$$EnhancerBySpringCGLIB$$51ad1418] is not eligible for getting processed by all BeanPostProcessors (for example: not eligible for auto-proxying)
2021-07-19 19:15:54 [main] INFO  o.a.k.c.admin.AdminClientConfig - AdminClientConfig values: 
	bootstrap.servers = [localhost:19092, localhost:29092, localhost:39092]
	client.dns.lookup = use_all_dns_ips
	client.id = 
	connections.max.idle.ms = 300000
	default.api.timeout.ms = 60000
	metadata.max.age.ms = 300000
	metric.reporters = []
	metrics.num.samples = 2
	metrics.recording.level = INFO
	metrics.sample.window.ms = 30000
	receive.buffer.bytes = 65536
	reconnect.backoff.max.ms = 1000
	reconnect.backoff.ms = 50
	request.timeout.ms = 30000
	retries = 2147483647
	retry.backoff.ms = 100
	sasl.client.callback.handler.class = null
	sasl.jaas.config = null
	sasl.kerberos.kinit.cmd = /usr/bin/kinit
	sasl.kerberos.min.time.before.relogin = 60000
	sasl.kerberos.service.name = null
	sasl.kerberos.ticket.renew.jitter = 0.05
	sasl.kerberos.ticket.renew.window.factor = 0.8
	sasl.login.callback.handler.class = null
	sasl.login.class = null
	sasl.login.refresh.buffer.seconds = 300
	sasl.login.refresh.min.period.seconds = 60
	sasl.login.refresh.window.factor = 0.8
	sasl.login.refresh.window.jitter = 0.05
	sasl.mechanism = GSSAPI
	security.protocol = PLAINTEXT
	security.providers = null
	send.buffer.bytes = 131072
	ssl.cipher.suites = null
	ssl.enabled.protocols = [TLSv1.2, TLSv1.3]
	ssl.endpoint.identification.algorithm = https
	ssl.engine.factory.class = null
	ssl.key.password = null
	ssl.keymanager.algorithm = SunX509
	ssl.keystore.location = null
	ssl.keystore.password = null
	ssl.keystore.type = JKS
	ssl.protocol = TLSv1.3
	ssl.provider = null
	ssl.secure.random.implementation = null
	ssl.trustmanager.algorithm = PKIX
	ssl.truststore.location = null
	ssl.truststore.password = null
	ssl.truststore.type = JKS

2021-07-19 19:15:56 [main] INFO  o.a.kafka.common.utils.AppInfoParser - Kafka version: 2.6.0
2021-07-19 19:15:56 [main] INFO  o.a.kafka.common.utils.AppInfoParser - Kafka commitId: 62abe01bee039651
2021-07-19 19:15:56 [main] INFO  o.a.kafka.common.utils.AppInfoParser - Kafka startTimeMs: 1626702356666
2021-07-19 19:15:59 [main] INFO  c.m.d.t.t.k.s.TwitterToKafkaServiceApplication - App Started...
2021-07-19 19:15:59 [main] INFO  c.m.d.k.a.client.KafkaAdminClient - Creating 2 topic(s), attempt 0
2021-07-19 19:15:59 [main] INFO  c.m.d.k.a.client.KafkaAdminClient - Reading Kafka Topics [twitter-topic, twitter-analytics-topic], attempt 0
2021-07-19 19:16:04 [main] INFO  c.m.d.t.t.k.s.i.i.KafkaStreamInitializer - Topics with name twitter-topic is ready for operations!
2021-07-19 19:16:04 [main] INFO  c.m.d.t.t.k.s.r.i.TwitterKafkaStreamRunner - Started filtering Twitter stream for keywords [Sri Lanka]
2021-07-19 19:16:04 [Twitter Stream consumer /  [1][initializing]] INFO  twitter4j.TwitterStreamImpl - Establishing connection.
2021-07-19 19:16:05 [main] INFO  o.s.s.c.ThreadPoolTaskExecutor - Initializing ExecutorService 'applicationTaskExecutor'
